000 (081.000.000) 10/20 16:55:49 Job submitted from host: <10.0.2.15:36840?addrs=10.0.2.15-36840+[--1]-36840>
    DAG Node: storef2
...
001 (081.000.000) 10/20 16:56:06 Job executing on host: <10.0.2.15:2610?addrs=10.0.2.15-2610+[--1]-2610>
...
006 (081.000.000) 10/20 16:56:06 Image size of job updated: 10
	0  -  MemoryUsage of job (MB)
	0  -  ResidentSetSize of job (KB)
...
005 (081.000.000) 10/20 16:56:07 Job terminated.
	(1) Normal termination (return value 0)
		Usr 0 00:00:00, Sys 0 00:00:00  -  Run Remote Usage
		Usr 0 00:00:00, Sys 0 00:00:00  -  Run Local Usage
		Usr 0 00:00:00, Sys 0 00:00:00  -  Total Remote Usage
		Usr 0 00:00:00, Sys 0 00:00:00  -  Total Local Usage
	9  -  Run Bytes Sent By Job
	17554  -  Run Bytes Received By Job
	9  -  Total Bytes Sent By Job
	17554  -  Total Bytes Received By Job
	Partitionable Resources :    Usage  Request Allocated
	   Cpus                 :                 1         1
	   Disk (KB)            :       26       20  37682104
	   Memory (MB)          :        0        1       489
...
000 (082.000.000) 10/20 16:56:14 Job submitted from host: <10.0.2.15:36840?addrs=10.0.2.15-36840+[--1]-36840>
    DAG Node: cosine2
...
000 (083.000.000) 10/20 16:56:14 Job submitted from host: <10.0.2.15:36840?addrs=10.0.2.15-36840+[--1]-36840>
    DAG Node: sine2
...
001 (082.000.000) 10/20 16:56:15 Job executing on host: <10.0.2.15:2610?addrs=10.0.2.15-2610+[--1]-2610>
...
006 (082.000.000) 10/20 16:56:16 Image size of job updated: 10
	0  -  MemoryUsage of job (MB)
	0  -  ResidentSetSize of job (KB)
...
005 (082.000.000) 10/20 16:56:17 Job terminated.
	(1) Normal termination (return value 0)
		Usr 0 00:00:00, Sys 0 00:00:00  -  Run Remote Usage
		Usr 0 00:00:00, Sys 0 00:00:00  -  Run Local Usage
		Usr 0 00:00:00, Sys 0 00:00:00  -  Total Remote Usage
		Usr 0 00:00:00, Sys 0 00:00:00  -  Total Local Usage
	8  -  Run Bytes Sent By Job
	17683  -  Run Bytes Received By Job
	8  -  Total Bytes Sent By Job
	17683  -  Total Bytes Received By Job
	Partitionable Resources :    Usage  Request Allocated
	   Cpus                 :                 1         1
	   Disk (KB)            :       26       20  37682104
	   Memory (MB)          :        0        1       489
...
001 (083.000.000) 10/20 16:56:18 Job executing on host: <10.0.2.15:2610?addrs=10.0.2.15-2610+[--1]-2610>
...
006 (083.000.000) 10/20 16:56:18 Image size of job updated: 10
	0  -  MemoryUsage of job (MB)
	0  -  ResidentSetSize of job (KB)
...
005 (083.000.000) 10/20 16:56:19 Job terminated.
	(1) Normal termination (return value 0)
		Usr 0 00:00:00, Sys 0 00:00:00  -  Run Remote Usage
		Usr 0 00:00:00, Sys 0 00:00:00  -  Run Local Usage
		Usr 0 00:00:00, Sys 0 00:00:00  -  Total Remote Usage
		Usr 0 00:00:00, Sys 0 00:00:00  -  Total Local Usage
	8  -  Run Bytes Sent By Job
	17683  -  Run Bytes Received By Job
	8  -  Total Bytes Sent By Job
	17683  -  Total Bytes Received By Job
	Partitionable Resources :    Usage  Request Allocated
	   Cpus                 :                 1         1
	   Disk (KB)            :       26       20  37682104
	   Memory (MB)          :        0        1       489
...
000 (084.000.000) 10/20 16:56:24 Job submitted from host: <10.0.2.15:36840?addrs=10.0.2.15-36840+[--1]-36840>
    DAG Node: collect2
...
001 (084.000.000) 10/20 16:56:26 Job executing on host: <10.0.2.15:2610?addrs=10.0.2.15-2610+[--1]-2610>
...
006 (084.000.000) 10/20 16:56:26 Image size of job updated: 10
	0  -  MemoryUsage of job (MB)
	0  -  ResidentSetSize of job (KB)
...
005 (084.000.000) 10/20 16:56:27 Job terminated.
	(1) Normal termination (return value 0)
		Usr 0 00:00:00, Sys 0 00:00:00  -  Run Remote Usage
		Usr 0 00:00:00, Sys 0 00:00:00  -  Run Local Usage
		Usr 0 00:00:00, Sys 0 00:00:00  -  Total Remote Usage
		Usr 0 00:00:00, Sys 0 00:00:00  -  Total Local Usage
	8  -  Run Bytes Sent By Job
	17590  -  Run Bytes Received By Job
	8  -  Total Bytes Sent By Job
	17590  -  Total Bytes Received By Job
	Partitionable Resources :    Usage  Request Allocated
	   Cpus                 :                 1         1
	   Disk (KB)            :       26       20  37682104
	   Memory (MB)          :        0        1       489
...
