000 (067.000.000) 10/20 15:08:59 Job submitted from host: <10.0.2.15:36840?addrs=10.0.2.15-36840+[--1]-36840>
    DAG Node: sine
...
000 (068.000.000) 10/20 15:08:59 Job submitted from host: <10.0.2.15:36840?addrs=10.0.2.15-36840+[--1]-36840>
    DAG Node: cosine
...
001 (067.000.000) 10/20 15:09:19 Job executing on host: <10.0.2.15:2610?addrs=10.0.2.15-2610+[--1]-2610>
...
006 (067.000.000) 10/20 15:09:19 Image size of job updated: 10
	0  -  MemoryUsage of job (MB)
	0  -  ResidentSetSize of job (KB)
...
005 (067.000.000) 10/20 15:09:20 Job terminated.
	(1) Normal termination (return value 0)
		Usr 0 00:00:00, Sys 0 00:00:00  -  Run Remote Usage
		Usr 0 00:00:00, Sys 0 00:00:00  -  Run Local Usage
		Usr 0 00:00:00, Sys 0 00:00:00  -  Total Remote Usage
		Usr 0 00:00:00, Sys 0 00:00:00  -  Total Local Usage
	8  -  Run Bytes Sent By Job
	17656  -  Run Bytes Received By Job
	8  -  Total Bytes Sent By Job
	17656  -  Total Bytes Received By Job
	Partitionable Resources :    Usage  Request Allocated
	   Cpus                 :                 1         1
	   Disk (KB)            :       26       20  37683612
	   Memory (MB)          :        0        1       489
...
001 (068.000.000) 10/20 15:09:21 Job executing on host: <10.0.2.15:2610?addrs=10.0.2.15-2610+[--1]-2610>
...
006 (068.000.000) 10/20 15:09:22 Image size of job updated: 10
	0  -  MemoryUsage of job (MB)
	0  -  ResidentSetSize of job (KB)
...
005 (068.000.000) 10/20 15:09:23 Job terminated.
	(1) Normal termination (return value 0)
		Usr 0 00:00:00, Sys 0 00:00:00  -  Run Remote Usage
		Usr 0 00:00:00, Sys 0 00:00:00  -  Run Local Usage
		Usr 0 00:00:00, Sys 0 00:00:00  -  Total Remote Usage
		Usr 0 00:00:00, Sys 0 00:00:00  -  Total Local Usage
	8  -  Run Bytes Sent By Job
	17654  -  Run Bytes Received By Job
	8  -  Total Bytes Sent By Job
	17654  -  Total Bytes Received By Job
	Partitionable Resources :    Usage  Request Allocated
	   Cpus                 :                 1         1
	   Disk (KB)            :       26       20  37683612
	   Memory (MB)          :        0        1       489
...
000 (069.000.000) 10/20 15:09:29 Job submitted from host: <10.0.2.15:36840?addrs=10.0.2.15-36840+[--1]-36840>
    DAG Node: collect
...
001 (069.000.000) 10/20 15:09:30 Job executing on host: <10.0.2.15:2610?addrs=10.0.2.15-2610+[--1]-2610>
...
006 (069.000.000) 10/20 15:09:31 Image size of job updated: 10
	0  -  MemoryUsage of job (MB)
	0  -  ResidentSetSize of job (KB)
...
005 (069.000.000) 10/20 15:09:32 Job terminated.
	(1) Normal termination (return value 0)
		Usr 0 00:00:00, Sys 0 00:00:00  -  Run Remote Usage
		Usr 0 00:00:00, Sys 0 00:00:00  -  Run Local Usage
		Usr 0 00:00:00, Sys 0 00:00:00  -  Total Remote Usage
		Usr 0 00:00:00, Sys 0 00:00:00  -  Total Local Usage
	8  -  Run Bytes Sent By Job
	17588  -  Run Bytes Received By Job
	8  -  Total Bytes Sent By Job
	17588  -  Total Bytes Received By Job
	Partitionable Resources :    Usage  Request Allocated
	   Cpus                 :                 1         1
	   Disk (KB)            :       26       20  37683612
	   Memory (MB)          :        0        1       489
...
